#
# There is insufficient memory for the Java Runtime Environment to continue.
# Native memory allocation (mmap) failed to map 268435456 bytes for G1 virtual space
# Possible reasons:
#   The system is out of physical RAM or swap space
#   The process is running with CompressedOops enabled, and the Java Heap may be blocking the growth of the native heap
# Possible solutions:
#   Reduce memory load on the system
#   Increase physical memory or swap space
#   Check if swap backing store is full
#   Decrease Java heap size (-Xmx/-Xms)
#   Decrease number of Java threads
#   Decrease Java thread stack sizes (-Xss)
#   Set larger code cache with -XX:ReservedCodeCacheSize=
#   JVM is running with Zero Based Compressed Oops mode in which the Java heap is
#     placed in the first 32GB address space. The Java Heap base address is the
#     maximum limit for the native heap growth. Please use -XX:HeapBaseMinAddress
#     to set the Java Heap base and to place the Java Heap above 32GB virtual address.
# This output file may be truncated or incomplete.
#
#  Out of Memory Error (os_windows.cpp:3557), pid=27956, tid=32296
#
# JRE version:  (17.0.6+10) (build )
# Java VM: OpenJDK 64-Bit Server VM (17.0.6+10, mixed mode, sharing, tiered, compressed oops, compressed class ptrs, g1 gc, windows-amd64)
# No core dump will be written. Minidumps are not enabled by default on client versions of Windows
#

---------------  S U M M A R Y ------------

Command Line: -Dfile.encoding=UTF-8 -XX:+ShowCodeDetailsInExceptionMessages application.Program

Host: Intel(R) Core(TM) i5-4570 CPU @ 3.20GHz, 4 cores, 15G,  Windows 10 , 64 bit Build 19041 (10.0.19041.3636)
Time: Wed Nov 29 00:27:10 2023 Hora oficial do Brasil elapsed time: 0.014746 seconds (0d 0h 0m 0s)

---------------  T H R E A D  ---------------

Current thread (0x0000022df8984fc0):  JavaThread "Unknown thread" [_thread_in_vm, id=32296, stack(0x0000006fdb200000,0x0000006fdb300000)]

Stack: [0x0000006fdb200000,0x0000006fdb300000]
Native frames: (J=compiled Java code, j=interpreted, Vv=VM code, C=native code)
V  [jvm.dll+0x67741a]
V  [jvm.dll+0x834434]
V  [jvm.dll+0x835bde]
V  [jvm.dll+0x836243]
V  [jvm.dll+0x2457b5]
V  [jvm.dll+0x674329]
V  [jvm.dll+0x6689da]
V  [jvm.dll+0x30489b]
V  [jvm.dll+0x30bd96]
V  [jvm.dll+0x35b57e]
V  [jvm.dll+0x35b7af]
V  [jvm.dll+0x2db778]
V  [jvm.dll+0x2dc6e4]
V  [jvm.dll+0x806131]
V  [jvm.dll+0x369331]
V  [jvm.dll+0x7e56ac]
V  [jvm.dll+0x3eb35f]
V  [jvm.dll+0x3ecea1]
C  [jli.dll+0x5267]
C  [ucrtbase.dll+0x21bb2]
C  [KERNEL32.DLL+0x17344]
C  [ntdll.dll+0x526b1]


---------------  P R O C E S S  ---------------

Threads class SMR info:
_java_thread_list=0x00007ffee8cb5fd8, length=0, elements={
}

Java Threads: ( => current thread )

Other Threads:
  0x0000022df89f4350 GCTaskThread "GC Thread#0" [stack: 0x0000006fdb300000,0x0000006fdb400000] [id=26032]
  0x0000022df8a050e0 ConcurrentGCThread "G1 Main Marker" [stack: 0x0000006fdb400000,0x0000006fdb500000] [id=32636]
  0x0000022df8a05af0 ConcurrentGCThread "G1 Conc#0" [stack: 0x0000006fdb500000,0x0000006fdb600000] [id=32352]

[error occurred during error reporting (printing all threads), id 0xc0000005, EXCEPTION_ACCESS_VIOLATION (0xc0000005) at pc=0x00007ffee848c1e7]

VM state: not at safepoint (not fully initialized)

VM Mutex/Monitor currently owned by a thread:  ([mutex/lock_event])
[0x0000022df8980860] Heap_lock - owner thread: 0x0000022df8984fc0

Heap address: 0x0000000701a00000, size: 4070 MB, Compressed Oops mode: Zero based, Oop shift amount: 3

CDS archive(s) mapped at: [0x0000000000000000-0x0000000000000000-0x0000000000000000), size 0, SharedBaseAddress: 0x0000000800000000, ArchiveRelocationMode: 0.
Narrow klass base: 0x0000000000000000, Narrow klass shift: 0, Narrow klass range: 0x0

GC Precious Log:
<Empty>

Heap:
 garbage-first heap   total 0K, used 0K [0x0000000701a00000, 0x0000000800000000)
  region size 2048K, 0 young (0K), 0 survivors (0K)

[error occurred during error reporting (printing heap information), id 0xc0000005, EXCEPTION_ACCESS_VIOLATION (0xc0000005) at pc=0x00007ffee88706f9]

GC Heap History (0 events):
No events

Dll operation events (1 events):
Event: 0.010 Loaded shared library C:\eclipse\plugins\org.eclipse.justj.openjdk.hotspot.jre.full.win32.x86_64_17.0.6.v20230204-1729\jre\bin\java.dll

Deoptimization events (0 events):
No events

Classes unloaded (0 events):
No events

Classes redefined (0 events):
No events

Internal exceptions (0 events):
No events

VM Operations (0 events):
No events

Events (0 events):
No events


Dynamic libraries:
0x00007ff7ab4f0000 - 0x00007ff7ab4fe000 	C:\eclipse\plugins\org.eclipse.justj.openjdk.hotspot.jre.full.win32.x86_64_17.0.6.v20230204-1729\jre\bin\javaw.exe
0x00007fff75f50000 - 0x00007fff76148000 	C:\Windows\SYSTEM32\ntdll.dll
0x00007fff74560000 - 0x00007fff7461d000 	C:\Windows\System32\KERNEL32.DLL
0x00007fff736a0000 - 0x00007fff73996000 	C:\Windows\System32\KERNELBASE.dll
0x00007fff73eb0000 - 0x00007fff73fb0000 	C:\Windows\System32\ucrtbase.dll
0x00007fff57ab0000 - 0x00007fff57ac7000 	C:\eclipse\plugins\org.eclipse.justj.openjdk.hotspot.jre.full.win32.x86_64_17.0.6.v20230204-1729\jre\bin\jli.dll
0x00007fff75690000 - 0x00007fff7582e000 	C:\Windows\System32\USER32.dll
0x00007fff73b10000 - 0x00007fff73b32000 	C:\Windows\System32\win32u.dll
0x00007fff74060000 - 0x00007fff7408c000 	C:\Windows\System32\GDI32.dll
0x00007fff73b90000 - 0x00007fff73caa000 	C:\Windows\System32\gdi32full.dll
0x00007fff73e10000 - 0x00007fff73ead000 	C:\Windows\System32\msvcp_win.dll
0x00007fff57a90000 - 0x00007fff57aa9000 	C:\eclipse\plugins\org.eclipse.justj.openjdk.hotspot.jre.full.win32.x86_64_17.0.6.v20230204-1729\jre\bin\VCRUNTIME140.dll
0x00007fff63a30000 - 0x00007fff63cca000 	C:\Windows\WinSxS\amd64_microsoft.windows.common-controls_6595b64144ccf1df_6.0.19041.3636_none_60b6a03d71f818d5\COMCTL32.dll
0x00007fff749f0000 - 0x00007fff74a8e000 	C:\Windows\System32\msvcrt.dll
0x00007fff75ee0000 - 0x00007fff75f10000 	C:\Windows\System32\IMM32.DLL
0x00007fff621b0000 - 0x00007fff621bc000 	C:\eclipse\plugins\org.eclipse.justj.openjdk.hotspot.jre.full.win32.x86_64_17.0.6.v20230204-1729\jre\bin\vcruntime140_1.dll
0x00007fff42560000 - 0x00007fff425f1000 	C:\eclipse\plugins\org.eclipse.justj.openjdk.hotspot.jre.full.win32.x86_64_17.0.6.v20230204-1729\jre\bin\msvcp140.dll
0x00007ffee81a0000 - 0x00007ffee8de7000 	C:\eclipse\plugins\org.eclipse.justj.openjdk.hotspot.jre.full.win32.x86_64_17.0.6.v20230204-1729\jre\bin\server\jvm.dll
0x00007fff73fb0000 - 0x00007fff7405f000 	C:\Windows\System32\ADVAPI32.dll
0x00007fff75de0000 - 0x00007fff75e7c000 	C:\Windows\System32\sechost.dll
0x00007fff74620000 - 0x00007fff74746000 	C:\Windows\System32\RPCRT4.dll
0x00007fff6c230000 - 0x00007fff6c239000 	C:\Windows\SYSTEM32\WSOCK32.dll
0x00007fff744f0000 - 0x00007fff7455b000 	C:\Windows\System32\WS2_32.dll
0x00007fff5e8a0000 - 0x00007fff5e8c7000 	C:\Windows\SYSTEM32\WINMM.dll
0x00007fff69820000 - 0x00007fff6982a000 	C:\Windows\SYSTEM32\VERSION.dll
0x00007fff71430000 - 0x00007fff71442000 	C:\Windows\SYSTEM32\kernel.appcore.dll
0x00007fff6c220000 - 0x00007fff6c22a000 	C:\eclipse\plugins\org.eclipse.justj.openjdk.hotspot.jre.full.win32.x86_64_17.0.6.v20230204-1729\jre\bin\jimage.dll
0x00007fff6d980000 - 0x00007fff6db64000 	C:\Windows\SYSTEM32\DBGHELP.DLL
0x00007fff6d2b0000 - 0x00007fff6d2e4000 	C:\Windows\SYSTEM32\dbgcore.DLL
0x00007fff73a50000 - 0x00007fff73ad2000 	C:\Windows\System32\bcryptPrimitives.dll
0x00007fff60b30000 - 0x00007fff60b55000 	C:\eclipse\plugins\org.eclipse.justj.openjdk.hotspot.jre.full.win32.x86_64_17.0.6.v20230204-1729\jre\bin\java.dll

dbghelp: loaded successfully - version: 4.0.5 - missing functions: none
symbol engine: initialized successfully - sym options: 0x614 - pdb path: .;C:\eclipse\plugins\org.eclipse.justj.openjdk.hotspot.jre.full.win32.x86_64_17.0.6.v20230204-1729\jre\bin;C:\Windows\SYSTEM32;C:\Windows\WinSxS\amd64_microsoft.windows.common-controls_6595b64144ccf1df_6.0.19041.3636_none_60b6a03d71f818d5;C:\eclipse\plugins\org.eclipse.justj.openjdk.hotspot.jre.full.win32.x86_64_17.0.6.v20230204-1729\jre\bin\server

VM Arguments:
jvm_args: -Dfile.encoding=UTF-8 -XX:+ShowCodeDetailsInExceptionMessages 
java_command: application.Program
java_class_path (initial): C:\Users\Lucccas Silva\OneDrive\Área de Trabalho\Programas\fiap_GlobalSolution_GreenCode\Java_GreenCode\bin
Launcher Type: SUN_STANDARD

[Global flags]
     intx CICompilerCount                          = 3                                         {product} {ergonomic}
     uint ConcGCThreads                            = 1                                         {product} {ergonomic}
     uint G1ConcRefinementThreads                  = 4                                         {product} {ergonomic}
   size_t G1HeapRegionSize                         = 2097152                                   {product} {ergonomic}
    uintx GCDrainStackTargetSize                   = 64                                        {product} {ergonomic}
   size_t InitialHeapSize                          = 268435456                                 {product} {ergonomic}
   size_t MarkStackSize                            = 4194304                                   {product} {ergonomic}
   size_t MaxHeapSize                              = 4267704320                                {product} {ergonomic}
   size_t MinHeapDeltaBytes                        = 2097152                                   {product} {ergonomic}
   size_t MinHeapSize                              = 8388608                                   {product} {ergonomic}
    uintx NonNMethodCodeHeapSize                   = 5832780                                {pd product} {ergonomic}
    uintx NonProfiledCodeHeapSize                  = 122912730                              {pd product} {ergonomic}
    uintx ProfiledCodeHeapSize                     = 122912730                              {pd product} {ergonomic}
    uintx ReservedCodeCacheSize                    = 251658240                              {pd product} {ergonomic}
     bool SegmentedCodeCache                       = true                                      {product} {ergonomic}
     bool ShowCodeDetailsInExceptionMessages       = true                                   {manageable} {command line}
   size_t SoftMaxHeapSize                          = 4267704320                             {manageable} {ergonomic}
     bool UseCompressedClassPointers               = true                           {product lp64_product} {ergonomic}
     bool UseCompressedOops                        = true                           {product lp64_product} {ergonomic}
     bool UseG1GC                                  = true                                      {product} {ergonomic}
     bool UseLargePagesIndividualAllocation        = false                                  {pd product} {ergonomic}

Logging:
Log output configuration:
 #0: stdout all=warning uptime,level,tags
 #1: stderr all=off uptime,level,tags

Environment Variables:
JAVA_HOME=C:\Program Files\Java\zulu17.40.19-ca-jdk17.0.6-win_x64
PATH=C:/eclipse//plugins/org.eclipse.justj.openjdk.hotspot.jre.full.win32.x86_64_17.0.6.v20230204-1729/jre/bin/server;C:/eclipse//plugins/org.eclipse.justj.openjdk.hotspot.jre.full.win32.x86_64_17.0.6.v20230204-1729/jre/bin;C:\Program Files\Java\zulu17.40.19-ca-jdk17.0.6-win_x64\bin;C:\Windows\system32;C:\Windows;C:\Windows\System32\Wbem;C:\Windows\System32\WindowsPowerShell\v1.0\;C:\Windows\System32\OpenSSH\;C:\Program Files\nodejs\;C:\Users\Lucccas Silva\AppData\Local\Microsoft\WindowsApps;C:\Users\Lucccas Silva\AppData\Local\Programs\Microsoft VS Code\bin;C:\Users\Lucccas Silva\AppData\Local\GitHubDesktop\bin;C:\Users\Lucccas Silva\AppData\Roaming\npm;C:\eclipse;
USERNAME=Lucccas Silva
OS=Windows_NT
PROCESSOR_IDENTIFIER=Intel64 Family 6 Model 60 Stepping 3, GenuineIntel
TMP=C:\Users\LUCCCA~1\AppData\Local\Temp
TEMP=C:\Users\LUCCCA~1\AppData\Local\Temp



---------------  S Y S T E M  ---------------

OS:
 Windows 10 , 64 bit Build 19041 (10.0.19041.3636)
OS uptime: 14 days 1:03 hours

CPU: total 4 (initial active 4) (4 cores per cpu, 1 threads per core) family 6 model 60 stepping 3 microcode 0x28, cx8, cmov, fxsr, mmx, sse, sse2, sse3, ssse3, sse4.1, sse4.2, popcnt, lzcnt, tsc, tscinvbit, avx, avx2, aes, erms, clmul, bmi1, bmi2, fma, vzeroupper, clflush

Memory: 4k page, system-wide physical 16273M (5906M free)
TotalPageFile size 65404M (AvailPageFile size 91M)
current process WorkingSet (physical memory assigned to process): 10M, peak: 10M
current process commit charge ("private bytes"): 51M, peak: 307M

vm_info: OpenJDK 64-Bit Server VM (17.0.6+10) for windows-amd64 JRE (17.0.6+10), built on Jan 18 2023 10:08:59 by "temurin" with MS VC++ 16.7 (VS2019)

END.
